2020.09.13 at 12:05:40.087 CST DEBUG org.apache.ibatis.logging.LogFactory 135 setImplementation - Logging initialized using 'class org.apache.ibatis.logging.log4j2.Log4j2Impl' adapter.
2020.09.13 at 12:05:40.721 CST DEBUG org.apache.ibatis.logging.jdbc.BaseJdbcLogger 145 debug - ==>  Preparing: SELECT count(0) FROM in_room_info WHERE status = '1' 
2020.09.13 at 12:05:40.736 CST DEBUG org.apache.ibatis.logging.jdbc.BaseJdbcLogger 145 debug - ==> Parameters: 
2020.09.13 at 12:05:40.748 CST TRACE org.apache.ibatis.logging.jdbc.BaseJdbcLogger 151 trace - <==    Columns: count(0)
2020.09.13 at 12:05:40.749 CST TRACE org.apache.ibatis.logging.jdbc.BaseJdbcLogger 151 trace - <==        Row: 12
2020.09.13 at 12:05:40.751 CST DEBUG org.apache.ibatis.logging.jdbc.BaseJdbcLogger 145 debug - <==      Total: 1
2020.09.13 at 12:05:40.758 CST DEBUG org.apache.ibatis.logging.jdbc.BaseJdbcLogger 145 debug - ==>  Preparing: select id, customer_name, gender, is_vip, idcard, phone, money, create_date, room_id, status, out_room_status from in_room_info WHERE status='1' order by id desc limit ?,? 
2020.09.13 at 12:05:40.760 CST DEBUG org.apache.ibatis.logging.jdbc.BaseJdbcLogger 145 debug - ==> Parameters: 0(Integer), 3(Integer)
2020.09.13 at 12:05:40.762 CST TRACE org.apache.ibatis.logging.jdbc.BaseJdbcLogger 151 trace - <==    Columns: id, customer_name, gender, is_vip, idcard, phone, money, create_date, room_id, status, out_room_status
2020.09.13 at 12:05:40.768 CST TRACE org.apache.ibatis.logging.jdbc.BaseJdbcLogger 151 trace - <==        Row: 44, 张三, 1, 0, 420822199501236547, 13887455123, 500.00, 2020-09-02 11:37:05.0, 12, 1, 0
2020.09.13 at 12:05:40.843 CST TRACE org.apache.ibatis.logging.jdbc.BaseJdbcLogger 151 trace - <==        Row: 43, 韩梅梅, 0, 1, 421123198912120045, 13412321232, 200.00, 2020-09-02 10:48:55.0, 17, 1, 0
2020.09.13 at 12:05:40.845 CST TRACE org.apache.ibatis.logging.jdbc.BaseJdbcLogger 151 trace - <==        Row: 42, 莫容龙城, 1, 1, 421123198912120012, 13217788999, 180.00, 2020-09-02 08:58:27.0, 3, 1, 0
2020.09.13 at 12:05:40.846 CST DEBUG org.apache.ibatis.logging.jdbc.BaseJdbcLogger 145 debug - <==      Total: 3
2020.09.13 at 12:05:40.849 CST INFO  cn.com.zls.ssm.test.inRoomInfoServiceTest 44 test01 - --------------------------------------
2020.09.13 at 12:05:40.850 CST INFO  cn.com.zls.ssm.test.inRoomInfoServiceTest 45 test01 - 共有12条数据
2020.09.13 at 12:05:40.850 CST INFO  cn.com.zls.ssm.test.inRoomInfoServiceTest 48 test01 - 013887455123
2020.09.13 at 12:05:40.850 CST INFO  cn.com.zls.ssm.test.inRoomInfoServiceTest 49 test01 - --------------------------------
2020.09.13 at 12:05:40.851 CST DEBUG org.apache.ibatis.logging.jdbc.BaseJdbcLogger 145 debug - ==>  Preparing: select id, room_pic, room_num, room_status, room_type_id, flag from rooms where id = ? 
2020.09.13 at 12:05:40.852 CST DEBUG org.apache.ibatis.logging.jdbc.BaseJdbcLogger 145 debug - ==> Parameters: 12(Integer)
2020.09.13 at 12:05:40.854 CST TRACE org.apache.ibatis.logging.jdbc.BaseJdbcLogger 151 trace - <==    Columns: id, room_pic, room_num, room_status, room_type_id, flag
2020.09.13 at 12:05:40.855 CST TRACE org.apache.ibatis.logging.jdbc.BaseJdbcLogger 151 trace - <==        Row: 12, http://qgacnb4qh.hn-bkt.clouddn.com/fm5.jpg, 8212, 1, 3, 1
2020.09.13 at 12:05:40.858 CST DEBUG org.apache.ibatis.logging.jdbc.BaseJdbcLogger 145 debug - <==      Total: 1
2020.09.13 at 12:05:40.860 CST INFO  cn.com.zls.ssm.test.inRoomInfoServiceTest 50 test01 - Rooms{id=12, roomPic='http://qgacnb4qh.hn-bkt.clouddn.com/fm5.jpg', roomNum='8212', roomStatus='1', roomTypeId=3, flag=1}
2020.09.13 at 12:05:40.868 CST INFO  cn.com.zls.ssm.test.inRoomInfoServiceTest 51 test01 - --------------------------------
2020.09.13 at 12:05:40.868 CST INFO  cn.com.zls.ssm.test.inRoomInfoServiceTest 52 test01 - 8212
2020.09.13 at 12:05:40.868 CST INFO  cn.com.zls.ssm.test.inRoomInfoServiceTest 48 test01 - 113412321232
2020.09.13 at 12:05:40.869 CST INFO  cn.com.zls.ssm.test.inRoomInfoServiceTest 49 test01 - --------------------------------
2020.09.13 at 12:05:40.869 CST DEBUG org.apache.ibatis.logging.jdbc.BaseJdbcLogger 145 debug - ==>  Preparing: select id, room_pic, room_num, room_status, room_type_id, flag from rooms where id = ? 
2020.09.13 at 12:05:40.870 CST DEBUG org.apache.ibatis.logging.jdbc.BaseJdbcLogger 145 debug - ==> Parameters: 17(Integer)
2020.09.13 at 12:05:40.872 CST TRACE org.apache.ibatis.logging.jdbc.BaseJdbcLogger 151 trace - <==    Columns: id, room_pic, room_num, room_status, room_type_id, flag
2020.09.13 at 12:05:40.873 CST TRACE org.apache.ibatis.logging.jdbc.BaseJdbcLogger 151 trace - <==        Row: 17, http://qgacnb4qh.hn-bkt.clouddn.com/fm1.jpg, 8305, 1, 3, 1
2020.09.13 at 12:05:40.875 CST DEBUG org.apache.ibatis.logging.jdbc.BaseJdbcLogger 145 debug - <==      Total: 1
2020.09.13 at 12:05:40.875 CST INFO  cn.com.zls.ssm.test.inRoomInfoServiceTest 50 test01 - Rooms{id=17, roomPic='http://qgacnb4qh.hn-bkt.clouddn.com/fm1.jpg', roomNum='8305', roomStatus='1', roomTypeId=3, flag=1}
2020.09.13 at 12:05:40.880 CST INFO  cn.com.zls.ssm.test.inRoomInfoServiceTest 51 test01 - --------------------------------
2020.09.13 at 12:05:40.880 CST INFO  cn.com.zls.ssm.test.inRoomInfoServiceTest 52 test01 - 8305
2020.09.13 at 12:05:40.881 CST INFO  cn.com.zls.ssm.test.inRoomInfoServiceTest 48 test01 - 113217788999
2020.09.13 at 12:05:40.881 CST INFO  cn.com.zls.ssm.test.inRoomInfoServiceTest 49 test01 - --------------------------------
2020.09.13 at 12:05:40.881 CST DEBUG org.apache.ibatis.logging.jdbc.BaseJdbcLogger 145 debug - ==>  Preparing: select id, room_pic, room_num, room_status, room_type_id, flag from rooms where id = ? 
2020.09.13 at 12:05:40.882 CST DEBUG org.apache.ibatis.logging.jdbc.BaseJdbcLogger 145 debug - ==> Parameters: 3(Integer)
2020.09.13 at 12:05:40.884 CST TRACE org.apache.ibatis.logging.jdbc.BaseJdbcLogger 151 trace - <==    Columns: id, room_pic, room_num, room_status, room_type_id, flag
2020.09.13 at 12:05:40.885 CST TRACE org.apache.ibatis.logging.jdbc.BaseJdbcLogger 151 trace - <==        Row: 3, http://qgacnb4qh.hn-bkt.clouddn.com/fm2.jpg, 8203, 1, 1, 1
2020.09.13 at 12:05:40.887 CST DEBUG org.apache.ibatis.logging.jdbc.BaseJdbcLogger 145 debug - <==      Total: 1
2020.09.13 at 12:05:40.889 CST INFO  cn.com.zls.ssm.test.inRoomInfoServiceTest 50 test01 - Rooms{id=3, roomPic='http://qgacnb4qh.hn-bkt.clouddn.com/fm2.jpg', roomNum='8203', roomStatus='1', roomTypeId=1, flag=1}
2020.09.13 at 12:05:40.895 CST INFO  cn.com.zls.ssm.test.inRoomInfoServiceTest 51 test01 - --------------------------------
2020.09.13 at 12:05:40.895 CST INFO  cn.com.zls.ssm.test.inRoomInfoServiceTest 52 test01 - 8203
